<?xml version="1.0" encoding="UTF-8"?>
<!-- Generated by org.testng.reporters.JUnitXMLReporter -->
<testsuite ignored="0" hostname="ATMECSINLT-060" failures="13" tests="13" name="HomePage" time="18.406" errors="0" timestamp="13 Nov 2019 09:02:26 GMT">
  <testcase classname="com.atmecs.tutorialninja.testscripts.HeatClinic" name="heatclinic" time="3.953">
    <failure type="org.openqa.selenium.ElementClickInterceptedException" message="element click intercepted: Element &amp;lt;a id=&amp;quot;cartLink&amp;quot; class=&amp;quot;modalcart&amp;quot; href=&amp;quot;/cart&amp;quot;&amp;gt;...&amp;lt;/a&amp;gt; is not clickable at point (930, 19). Other element would receive the click: &amp;lt;div id=&amp;quot;simplemodal-overlay&amp;quot; class=&amp;quot;simplemodal-overlay&amp;quot; style=&amp;quot;opacity: 0.5; height: 1395px; width: 1014px; position: fixed; left: 0px; top: 0px; z-index: 1001;&amp;quot;&amp;gt;&amp;lt;/div&amp;gt;
  (Session info: chrome=78.0.3904.97)
Build info: version: &amp;apos;3.141.59&amp;apos;, revision: &amp;apos;e82be7d358&amp;apos;, time: &amp;apos;2018-11-14T08:17:03&amp;apos;
System info: host: &amp;apos;ATMECSINLT-060&amp;apos;, ip: &amp;apos;55.55.52.253&amp;apos;, os.name: &amp;apos;Windows 10&amp;apos;, os.arch: &amp;apos;amd64&amp;apos;, os.version: &amp;apos;10.0&amp;apos;, java.version: &amp;apos;13.0.1&amp;apos;
Driver info: org.openqa.selenium.chrome.ChromeDriver
Capabilities {acceptInsecureCerts: false, browserName: chrome, browserVersion: 78.0.3904.97, chrome: {chromedriverVersion: 78.0.3904.70 (edb9c9f3de024..., userDataDir: C:\Windows\TEMP\scoped_dir1...}, goog:chromeOptions: {debuggerAddress: localhost:61572}, javascriptEnabled: true, networkConnectionEnabled: false, pageLoadStrategy: normal, platform: XP, platformName: XP, proxy: Proxy(), setWindowRect: true, strictFileInteractability: false, timeouts: {implicit: 0, pageLoad: 300000, script: 30000}, unhandledPromptBehavior: dismiss and notify}
Session ID: 4e943897bb5549a72ff16b5c8010f504">
      <![CDATA[org.openqa.selenium.ElementClickInterceptedException: element click intercepted: Element <a id="cartLink" class="modalcart" href="/cart">...</a> is not clickable at point (930, 19). Other element would receive the click: <div id="simplemodal-overlay" class="simplemodal-overlay" style="opacity: 0.5; height: 1395px; width: 1014px; position: fixed; left: 0px; top: 0px; z-index: 1001;"></div>
  (Session info: chrome=78.0.3904.97)
Build info: version: '3.141.59', revision: 'e82be7d358', time: '2018-11-14T08:17:03'
System info: host: 'ATMECSINLT-060', ip: '55.55.52.253', os.name: 'Windows 10', os.arch: 'amd64', os.version: '10.0', java.version: '13.0.1'
Driver info: org.openqa.selenium.chrome.ChromeDriver
Capabilities {acceptInsecureCerts: false, browserName: chrome, browserVersion: 78.0.3904.97, chrome: {chromedriverVersion: 78.0.3904.70 (edb9c9f3de024..., userDataDir: C:\Windows\TEMP\scoped_dir1...}, goog:chromeOptions: {debuggerAddress: localhost:61572}, javascriptEnabled: true, networkConnectionEnabled: false, pageLoadStrategy: normal, platform: XP, platformName: XP, proxy: Proxy(), setWindowRect: true, strictFileInteractability: false, timeouts: {implicit: 0, pageLoad: 300000, script: 30000}, unhandledPromptBehavior: dismiss and notify}
Session ID: 4e943897bb5549a72ff16b5c8010f504
at org.openqa.selenium.remote.http.W3CHttpResponseCodec.createException(W3CHttpResponseCodec.java:187)
at org.openqa.selenium.remote.http.W3CHttpResponseCodec.decode(W3CHttpResponseCodec.java:122)
at org.openqa.selenium.remote.http.W3CHttpResponseCodec.decode(W3CHttpResponseCodec.java:49)
at org.openqa.selenium.remote.HttpCommandExecutor.execute(HttpCommandExecutor.java:158)
at org.openqa.selenium.remote.service.DriverCommandExecutor.execute(DriverCommandExecutor.java:83)
at org.openqa.selenium.remote.RemoteWebDriver.execute(RemoteWebDriver.java:552)
at org.openqa.selenium.remote.RemoteWebElement.execute(RemoteWebElement.java:285)
at org.openqa.selenium.remote.RemoteWebElement.click(RemoteWebElement.java:84)
at com.atmecs.tutorialninja.Testsuite.Pageactions.clickOnElement(Pageactions.java:84)
at com.atmecs.tutorialninja.testscripts.HeatClinic.heatclinic(HeatClinic.java:61)
at java.base/java.util.concurrent.FutureTask.run(FutureTask.java:264)
at java.base/java.util.concurrent.ThreadPoolExecutor.runWorker(ThreadPoolExecutor.java:1128)
at java.base/java.util.concurrent.ThreadPoolExecutor$Worker.run(ThreadPoolExecutor.java:628)
at java.base/java.lang.Thread.run(Thread.java:830)
... Removed 21 stack frames]]>
    </failure>
  </testcase> <!-- heatclinic -->
  <testcase classname="com.atmecs.tutorialninja.testscripts.HeatClinic" name="heatclinic" time="0.404">
    <failure type="java.lang.AssertionError" message="expected [null] but found [Hoppin&amp;apos; Hot Sauce]">
      <![CDATA[java.lang.AssertionError: expected [null] but found [Hoppin' Hot Sauce]
at com.atmecs.tutorialsninja.validation.HeatClinicvalidation.homeproductValidate(HeatClinicvalidation.java:25)
at com.atmecs.tutorialninja.testscripts.HeatClinic.heatclinic(HeatClinic.java:42)
at java.base/java.util.concurrent.FutureTask.run(FutureTask.java:264)
at java.base/java.util.concurrent.ThreadPoolExecutor.runWorker(ThreadPoolExecutor.java:1128)
at java.base/java.util.concurrent.ThreadPoolExecutor$Worker.run(ThreadPoolExecutor.java:628)
at java.base/java.lang.Thread.run(Thread.java:830)
... Removed 22 stack frames]]>
    </failure>
  </testcase> <!-- heatclinic -->
  <testcase classname="com.atmecs.tutorialninja.testscripts.HeatClinic" name="heatclinic" time="0.312">
    <failure type="java.lang.AssertionError" message="expected [null] but found [Hoppin&amp;apos; Hot Sauce]">
      <![CDATA[java.lang.AssertionError: expected [null] but found [Hoppin' Hot Sauce]
at com.atmecs.tutorialsninja.validation.HeatClinicvalidation.homeproductValidate(HeatClinicvalidation.java:25)
at com.atmecs.tutorialninja.testscripts.HeatClinic.heatclinic(HeatClinic.java:42)
at java.base/java.util.concurrent.FutureTask.run(FutureTask.java:264)
at java.base/java.util.concurrent.ThreadPoolExecutor.runWorker(ThreadPoolExecutor.java:1128)
at java.base/java.util.concurrent.ThreadPoolExecutor$Worker.run(ThreadPoolExecutor.java:628)
at java.base/java.lang.Thread.run(Thread.java:830)
... Removed 22 stack frames]]>
    </failure>
  </testcase> <!-- heatclinic -->
  <testcase classname="com.atmecs.tutorialninja.testscripts.HeatClinic" name="heatclinic" time="0.302">
    <failure type="java.lang.AssertionError" message="expected [null] but found [Hoppin&amp;apos; Hot Sauce]">
      <![CDATA[java.lang.AssertionError: expected [null] but found [Hoppin' Hot Sauce]
at com.atmecs.tutorialsninja.validation.HeatClinicvalidation.homeproductValidate(HeatClinicvalidation.java:25)
at com.atmecs.tutorialninja.testscripts.HeatClinic.heatclinic(HeatClinic.java:42)
at java.base/java.util.concurrent.FutureTask.run(FutureTask.java:264)
at java.base/java.util.concurrent.ThreadPoolExecutor.runWorker(ThreadPoolExecutor.java:1128)
at java.base/java.util.concurrent.ThreadPoolExecutor$Worker.run(ThreadPoolExecutor.java:628)
at java.base/java.lang.Thread.run(Thread.java:830)
... Removed 22 stack frames]]>
    </failure>
  </testcase> <!-- heatclinic -->
  <testcase classname="com.atmecs.tutorialninja.testscripts.HeatClinic" name="heatclinic" time="0.334">
    <failure type="java.lang.AssertionError" message="expected [] but found [Hoppin&amp;apos; Hot Sauce]">
      <![CDATA[java.lang.AssertionError: expected [] but found [Hoppin' Hot Sauce]
at com.atmecs.tutorialsninja.validation.HeatClinicvalidation.homeproductValidate(HeatClinicvalidation.java:25)
at com.atmecs.tutorialninja.testscripts.HeatClinic.heatclinic(HeatClinic.java:42)
at java.base/java.util.concurrent.FutureTask.run(FutureTask.java:264)
at java.base/java.util.concurrent.ThreadPoolExecutor.runWorker(ThreadPoolExecutor.java:1128)
at java.base/java.util.concurrent.ThreadPoolExecutor$Worker.run(ThreadPoolExecutor.java:628)
at java.base/java.lang.Thread.run(Thread.java:830)
... Removed 22 stack frames]]>
    </failure>
  </testcase> <!-- heatclinic -->
  <testcase classname="com.atmecs.tutorialninja.testscripts.HeatClinic" name="heatclinic" time="0.414">
    <failure type="java.lang.AssertionError" message="expected [null] but found [Hoppin&amp;apos; Hot Sauce]">
      <![CDATA[java.lang.AssertionError: expected [null] but found [Hoppin' Hot Sauce]
at com.atmecs.tutorialsninja.validation.HeatClinicvalidation.homeproductValidate(HeatClinicvalidation.java:25)
at com.atmecs.tutorialninja.testscripts.HeatClinic.heatclinic(HeatClinic.java:42)
at java.base/java.util.concurrent.FutureTask.run(FutureTask.java:264)
at java.base/java.util.concurrent.ThreadPoolExecutor.runWorker(ThreadPoolExecutor.java:1128)
at java.base/java.util.concurrent.ThreadPoolExecutor$Worker.run(ThreadPoolExecutor.java:628)
at java.base/java.lang.Thread.run(Thread.java:830)
... Removed 22 stack frames]]>
    </failure>
  </testcase> <!-- heatclinic -->
  <testcase classname="com.atmecs.tutorialninja.testscripts.HeatClinic" name="heatclinic" time="0.303">
    <failure type="java.lang.AssertionError" message="expected [null] but found [Hoppin&amp;apos; Hot Sauce]">
      <![CDATA[java.lang.AssertionError: expected [null] but found [Hoppin' Hot Sauce]
at com.atmecs.tutorialsninja.validation.HeatClinicvalidation.homeproductValidate(HeatClinicvalidation.java:25)
at com.atmecs.tutorialninja.testscripts.HeatClinic.heatclinic(HeatClinic.java:42)
at java.base/java.util.concurrent.FutureTask.run(FutureTask.java:264)
at java.base/java.util.concurrent.ThreadPoolExecutor.runWorker(ThreadPoolExecutor.java:1128)
at java.base/java.util.concurrent.ThreadPoolExecutor$Worker.run(ThreadPoolExecutor.java:628)
at java.base/java.lang.Thread.run(Thread.java:830)
... Removed 22 stack frames]]>
    </failure>
  </testcase> <!-- heatclinic -->
  <testcase classname="com.atmecs.tutorialninja.testscripts.HeatClinic" name="heatclinic" time="0.288">
    <failure type="java.lang.AssertionError" message="expected [null] but found [Hoppin&amp;apos; Hot Sauce]">
      <![CDATA[java.lang.AssertionError: expected [null] but found [Hoppin' Hot Sauce]
at com.atmecs.tutorialsninja.validation.HeatClinicvalidation.homeproductValidate(HeatClinicvalidation.java:25)
at com.atmecs.tutorialninja.testscripts.HeatClinic.heatclinic(HeatClinic.java:42)
at java.base/java.util.concurrent.FutureTask.run(FutureTask.java:264)
at java.base/java.util.concurrent.ThreadPoolExecutor.runWorker(ThreadPoolExecutor.java:1128)
at java.base/java.util.concurrent.ThreadPoolExecutor$Worker.run(ThreadPoolExecutor.java:628)
at java.base/java.lang.Thread.run(Thread.java:830)
... Removed 22 stack frames]]>
    </failure>
  </testcase> <!-- heatclinic -->
  <testcase classname="com.atmecs.tutorialninja.testscripts.HeatClinic" name="heatclinic" time="0.306">
    <failure type="java.lang.AssertionError" message="expected [null] but found [Hoppin&amp;apos; Hot Sauce]">
      <![CDATA[java.lang.AssertionError: expected [null] but found [Hoppin' Hot Sauce]
at com.atmecs.tutorialsninja.validation.HeatClinicvalidation.homeproductValidate(HeatClinicvalidation.java:25)
at com.atmecs.tutorialninja.testscripts.HeatClinic.heatclinic(HeatClinic.java:42)
at java.base/java.util.concurrent.FutureTask.run(FutureTask.java:264)
at java.base/java.util.concurrent.ThreadPoolExecutor.runWorker(ThreadPoolExecutor.java:1128)
at java.base/java.util.concurrent.ThreadPoolExecutor$Worker.run(ThreadPoolExecutor.java:628)
at java.base/java.lang.Thread.run(Thread.java:830)
... Removed 22 stack frames]]>
    </failure>
  </testcase> <!-- heatclinic -->
  <testcase classname="com.atmecs.tutorialninja.testscripts.HeatClinic" name="heatclinic" time="0.3">
    <failure type="java.lang.AssertionError" message="expected [null] but found [Hoppin&amp;apos; Hot Sauce]">
      <![CDATA[java.lang.AssertionError: expected [null] but found [Hoppin' Hot Sauce]
at com.atmecs.tutorialsninja.validation.HeatClinicvalidation.homeproductValidate(HeatClinicvalidation.java:25)
at com.atmecs.tutorialninja.testscripts.HeatClinic.heatclinic(HeatClinic.java:42)
at java.base/java.util.concurrent.FutureTask.run(FutureTask.java:264)
at java.base/java.util.concurrent.ThreadPoolExecutor.runWorker(ThreadPoolExecutor.java:1128)
at java.base/java.util.concurrent.ThreadPoolExecutor$Worker.run(ThreadPoolExecutor.java:628)
at java.base/java.lang.Thread.run(Thread.java:830)
... Removed 22 stack frames]]>
    </failure>
  </testcase> <!-- heatclinic -->
  <testcase classname="com.atmecs.tutorialninja.testscripts.HeatClinic" name="heatclinic" time="0.314">
    <failure type="java.lang.AssertionError" message="expected [null] but found [Hoppin&amp;apos; Hot Sauce]">
      <![CDATA[java.lang.AssertionError: expected [null] but found [Hoppin' Hot Sauce]
at com.atmecs.tutorialsninja.validation.HeatClinicvalidation.homeproductValidate(HeatClinicvalidation.java:25)
at com.atmecs.tutorialninja.testscripts.HeatClinic.heatclinic(HeatClinic.java:42)
at java.base/java.util.concurrent.FutureTask.run(FutureTask.java:264)
at java.base/java.util.concurrent.ThreadPoolExecutor.runWorker(ThreadPoolExecutor.java:1128)
at java.base/java.util.concurrent.ThreadPoolExecutor$Worker.run(ThreadPoolExecutor.java:628)
at java.base/java.lang.Thread.run(Thread.java:830)
... Removed 22 stack frames]]>
    </failure>
  </testcase> <!-- heatclinic -->
  <testcase classname="com.atmecs.tutorialninja.testscripts.HeatClinic" name="heatclinic" time="0.387">
    <failure type="java.lang.AssertionError" message="expected [null] but found [Hoppin&amp;apos; Hot Sauce]">
      <![CDATA[java.lang.AssertionError: expected [null] but found [Hoppin' Hot Sauce]
at com.atmecs.tutorialsninja.validation.HeatClinicvalidation.homeproductValidate(HeatClinicvalidation.java:25)
at com.atmecs.tutorialninja.testscripts.HeatClinic.heatclinic(HeatClinic.java:42)
at java.base/java.util.concurrent.FutureTask.run(FutureTask.java:264)
at java.base/java.util.concurrent.ThreadPoolExecutor.runWorker(ThreadPoolExecutor.java:1128)
at java.base/java.util.concurrent.ThreadPoolExecutor$Worker.run(ThreadPoolExecutor.java:628)
at java.base/java.lang.Thread.run(Thread.java:830)
... Removed 22 stack frames]]>
    </failure>
  </testcase> <!-- heatclinic -->
  <testcase classname="com.atmecs.tutorialninja.testscripts.HeatClinic" name="heatclinic" time="0.289">
    <failure type="java.lang.AssertionError" message="expected [null] but found [Hoppin&amp;apos; Hot Sauce]">
      <![CDATA[java.lang.AssertionError: expected [null] but found [Hoppin' Hot Sauce]
at com.atmecs.tutorialsninja.validation.HeatClinicvalidation.homeproductValidate(HeatClinicvalidation.java:25)
at com.atmecs.tutorialninja.testscripts.HeatClinic.heatclinic(HeatClinic.java:42)
at java.base/java.util.concurrent.FutureTask.run(FutureTask.java:264)
at java.base/java.util.concurrent.ThreadPoolExecutor.runWorker(ThreadPoolExecutor.java:1128)
at java.base/java.util.concurrent.ThreadPoolExecutor$Worker.run(ThreadPoolExecutor.java:628)
at java.base/java.lang.Thread.run(Thread.java:830)
... Removed 22 stack frames]]>
    </failure>
  </testcase> <!-- heatclinic -->
</testsuite> <!-- HomePage -->
