<?xml version="1.0" encoding="UTF-8"?>
<testsuite name="TestSuite" time="16.258" tests="14" errors="0" skipped="0" failures="13">
  <properties>
    <property name="java.runtime.name" value="Java(TM) SE Runtime Environment"/>
    <property name="java.vm.version" value="13.0.1+9"/>
    <property name="sun.boot.library.path" value="C:\Program Files\Java\jdk-13.0.1\bin"/>
    <property name="maven.multiModuleProjectDirectory" value="C:\Users\srinischal.thiparani\AssessmentTwo\tutorialninja"/>
    <property name="java.vm.vendor" value="Oracle Corporation"/>
    <property name="java.vendor.url" value="https://java.oracle.com/"/>
    <property name="guice.disable.misplaced.annotation.check" value="true"/>
    <property name="path.separator" value=";"/>
    <property name="java.vm.name" value="Java HotSpot(TM) 64-Bit Server VM"/>
    <property name="sun.os.patch.level" value=""/>
    <property name="user.script" value=""/>
    <property name="user.country" value="IN"/>
    <property name="sun.java.launcher" value="SUN_STANDARD"/>
    <property name="java.vm.specification.name" value="Java Virtual Machine Specification"/>
    <property name="user.dir" value="C:\Users\srinischal.thiparani\AssessmentTwo\tutorialninja"/>
    <property name="java.vm.compressedOopsMode" value="Zero based"/>
    <property name="java.runtime.version" value="13.0.1+9"/>
    <property name="os.arch" value="amd64"/>
    <property name="java.io.tmpdir" value="C:\Windows\TEMP\"/>
    <property name="line.separator" value="&#10;"/>
    <property name="java.vm.specification.vendor" value="Oracle Corporation"/>
    <property name="user.variant" value=""/>
    <property name="os.name" value="Windows 10"/>
    <property name="classworlds.conf" value="C:\Program Files\apache-maven-3.6.2\bin\..\bin\m2.conf"/>
    <property name="sun.jnu.encoding" value="Cp1252"/>
    <property name="java.library.path" value="C:\Program Files\Java\jdk-13.0.1\bin;C:\Windows\Sun\Java\bin;C:\Windows\system32;C:\Windows;C:\Users\srinischal.thiparani\Downloads\jdk-12.0.2_windows-x64_bin\jdk-12.0.2,C:\Users\srinischal.thiparani\Downloads\apache-maven-3.6.2-bin\apache-maven-3.6.2;C:\Program Files\Java\jdk-13.0.1\bin;C:\Program Files\apache-maven-3.6.2\bin;C:\Windows\System32;%M2_HOME%;%JAVA_HOME%;C:\Windows;C:\Windows\System32\Wbem;C:\Windows\System32\WindowsPowerShell\v1.0\;C:\Windows\System32\OpenSSH\;C:\Program Files\Git\cmd;C:\Program Files\Git\mingw64\bin;C:\Program Files\Microsoft SQL Server\140\Tools\Binn\;C:\Program Files\Microsoft SQL Server\140\DTS\Binn\;C:\Program Files\Git\usr\bin;C:\Program Files\Microsoft SQL Server\Client SDK\ODBC\130\Tools\Binn\;C:\Program Files (x86)\Microsoft SQL Server\150\DTS\Binn\;C:\Windows\system32\config\systemprofile\AppData\Local\Microsoft\WindowsApps;."/>
    <property name="maven.conf" value="C:\Program Files\apache-maven-3.6.2\bin\../conf"/>
    <property name="jdk.debug" value="release"/>
    <property name="java.class.version" value="57.0"/>
    <property name="java.specification.name" value="Java Platform API Specification"/>
    <property name="sun.management.compiler" value="HotSpot 64-Bit Tiered Compilers"/>
    <property name="os.version" value="10.0"/>
    <property name="library.jansi.path" value="C:\Program Files\apache-maven-3.6.2\bin\..\lib\jansi-native"/>
    <property name="user.home" value="C:\Windows\system32\config\systemprofile"/>
    <property name="user.timezone" value="Asia/Calcutta"/>
    <property name="file.encoding" value="Cp1252"/>
    <property name="java.specification.version" value="13"/>
    <property name="user.name" value="ATMECSINLT-060$"/>
    <property name="java.class.path" value="C:\Program Files\apache-maven-3.6.2\bin\..\boot\plexus-classworlds-2.6.0.jar"/>
    <property name="java.vm.specification.version" value="13"/>
    <property name="sun.arch.data.model" value="64"/>
    <property name="sun.java.command" value="org.codehaus.plexus.classworlds.launcher.Launcher install"/>
    <property name="java.home" value="C:\Program Files\Java\jdk-13.0.1"/>
    <property name="user.language" value="en"/>
    <property name="java.specification.vendor" value="Oracle Corporation"/>
    <property name="java.vm.info" value="mixed mode, sharing"/>
    <property name="java.version" value="13.0.1"/>
    <property name="java.vendor" value="Oracle Corporation"/>
    <property name="maven.home" value="C:\Program Files\apache-maven-3.6.2\bin\.."/>
    <property name="file.separator" value="\"/>
    <property name="java.version.date" value="2019-10-15"/>
    <property name="java.vendor.url.bug" value="https://bugreport.java.com/bugreport/"/>
    <property name="sun.io.unicode.encoding" value="UnicodeLittle"/>
    <property name="sun.cpu.endian" value="little"/>
    <property name="sun.cpu.isalist" value="amd64"/>
  </properties>
  <testcase name="home" classname="com.atmecs.tutorialninja.testscripts.HomePage" time="12.296"/>
  <testcase name="heatclinic" classname="com.atmecs.tutorialninja.testscripts.HeatClinic" time="3.962">
    <failure message="element click intercepted: Element &lt;a id=&quot;cartLink&quot; class=&quot;modalcart&quot; href=&quot;/cart&quot;&gt;...&lt;/a&gt; is not clickable at point (930, 19). Other element would receive the click: &lt;div id=&quot;simplemodal-overlay&quot; class=&quot;simplemodal-overlay&quot; style=&quot;opacity: 0.5; height: 1395px; width: 1014px; position: fixed; left: 0px; top: 0px; z-index: 1001;&quot;&gt;&lt;/div&gt;&#10;  (Session info: chrome=78.0.3904.97)&#10;Build info: version: &apos;3.141.59&apos;, revision: &apos;e82be7d358&apos;, time: &apos;2018-11-14T08:17:03&apos;&#10;System info: host: &apos;ATMECSINLT-060&apos;, ip: &apos;55.55.52.253&apos;, os.name: &apos;Windows 10&apos;, os.arch: &apos;amd64&apos;, os.version: &apos;10.0&apos;, java.version: &apos;13.0.1&apos;&#10;Driver info: org.openqa.selenium.chrome.ChromeDriver&#10;Capabilities {acceptInsecureCerts: false, browserName: chrome, browserVersion: 78.0.3904.97, chrome: {chromedriverVersion: 78.0.3904.70 (edb9c9f3de024..., userDataDir: C:\Windows\TEMP\scoped_dir1...}, goog:chromeOptions: {debuggerAddress: localhost:61572}, javascriptEnabled: true, networkConnectionEnabled: false, pageLoadStrategy: normal, platform: XP, platformName: XP, proxy: Proxy(), setWindowRect: true, strictFileInteractability: false, timeouts: {implicit: 0, pageLoad: 300000, script: 30000}, unhandledPromptBehavior: dismiss and notify}&#10;Session ID: 4e943897bb5549a72ff16b5c8010f504" type="org.openqa.selenium.ElementClickInterceptedException"><![CDATA[org.openqa.selenium.ElementClickInterceptedException: element click intercepted: Element <a id="cartLink" class="modalcart" href="/cart">...</a> is not clickable at point (930, 19). Other element would receive the click: <div id="simplemodal-overlay" class="simplemodal-overlay" style="opacity: 0.5; height: 1395px; width: 1014px; position: fixed; left: 0px; top: 0px; z-index: 1001;"></div>
  (Session info: chrome=78.0.3904.97)
Build info: version: '3.141.59', revision: 'e82be7d358', time: '2018-11-14T08:17:03'
System info: host: 'ATMECSINLT-060', ip: '55.55.52.253', os.name: 'Windows 10', os.arch: 'amd64', os.version: '10.0', java.version: '13.0.1'
Driver info: org.openqa.selenium.chrome.ChromeDriver
Capabilities {acceptInsecureCerts: false, browserName: chrome, browserVersion: 78.0.3904.97, chrome: {chromedriverVersion: 78.0.3904.70 (edb9c9f3de024..., userDataDir: C:\Windows\TEMP\scoped_dir1...}, goog:chromeOptions: {debuggerAddress: localhost:61572}, javascriptEnabled: true, networkConnectionEnabled: false, pageLoadStrategy: normal, platform: XP, platformName: XP, proxy: Proxy(), setWindowRect: true, strictFileInteractability: false, timeouts: {implicit: 0, pageLoad: 300000, script: 30000}, unhandledPromptBehavior: dismiss and notify}
Session ID: 4e943897bb5549a72ff16b5c8010f504
	at java.base/jdk.internal.reflect.NativeConstructorAccessorImpl.newInstance0(Native Method)
	at java.base/jdk.internal.reflect.NativeConstructorAccessorImpl.newInstance(NativeConstructorAccessorImpl.java:62)
	at java.base/jdk.internal.reflect.DelegatingConstructorAccessorImpl.newInstance(DelegatingConstructorAccessorImpl.java:45)
	at java.base/java.lang.reflect.Constructor.newInstanceWithCaller(Constructor.java:500)
	at java.base/java.lang.reflect.Constructor.newInstance(Constructor.java:481)
	at org.openqa.selenium.remote.http.W3CHttpResponseCodec.createException(W3CHttpResponseCodec.java:187)
	at org.openqa.selenium.remote.http.W3CHttpResponseCodec.decode(W3CHttpResponseCodec.java:122)
	at org.openqa.selenium.remote.http.W3CHttpResponseCodec.decode(W3CHttpResponseCodec.java:49)
	at org.openqa.selenium.remote.HttpCommandExecutor.execute(HttpCommandExecutor.java:158)
	at org.openqa.selenium.remote.service.DriverCommandExecutor.execute(DriverCommandExecutor.java:83)
	at org.openqa.selenium.remote.RemoteWebDriver.execute(RemoteWebDriver.java:552)
	at org.openqa.selenium.remote.RemoteWebElement.execute(RemoteWebElement.java:285)
	at org.openqa.selenium.remote.RemoteWebElement.click(RemoteWebElement.java:84)
	at com.atmecs.tutorialninja.Testsuite.Pageactions.clickOnElement(Pageactions.java:84)
	at com.atmecs.tutorialninja.testscripts.HeatClinic.heatclinic(HeatClinic.java:61)
]]></failure>
    <system-out><![CDATA[11-13-2019 14:32:13 LogReport.java INFO  [TestNG-tests-1] utils.LogReport 23 - Chrome browser started...
11-13-2019 14:32:18 LogReport.java INFO  [TestNG-tests-1] utils.LogReport 23 - Application is open...
11-13-2019 14:32:19 LogReport.java INFO  [TestNG-tests-1] utils.LogReport 23 - Successfully validated Hoppin' Hot Sauce
Hoppin' Hot Sauce
Hoppin' Hot Sauce
11-13-2019 14:32:19 LogReport.java INFO  [TestNG-tests-1] utils.LogReport 23 - Successfully validated Day of the Dead Chipotle Hot Sauce
Day of the Dead Chipotle Hot Sauce
Day of the Dead Chipotle Hot Sauce
11-13-2019 14:32:20 LogReport.java INFO  [TestNG-tests-1] utils.LogReport 23 - Successfully validated Hawt Like a Habanero Shirt (Men's)
Hawt Like a Habanero Shirt (Men's)
Hawt Like a Habanero Shirt (Men's)
11-13-2019 14:32:20 LogReport.java INFO  [TestNG-tests-1] utils.LogReport 23 - Successfully validated Green Ghost
Green Ghost
Green Ghost
11-13-2019 14:32:20 LogReport.java INFO  [TestNG-tests-1] utils.LogReport 23 - Successfully validated This is an example of a content-managed page.
This is an example of a content-managed page.
This is an example of a content-managed page.
11-13-2019 14:32:21 LogReport.java INFO  [TestNG-tests-1] utils.LogReport 23 - Successfully validated This is an example of a content-managed page.
This is an example of a content-managed page.
This is an example of a content-managed page.
11-13-2019 14:32:21 LogReport.java INFO  [TestNG-tests-1] utils.LogReport 23 - Successfully validated Viewing Mens (1 - 3 of 3)
Viewing Mens (1 - 3 of 3)
Viewing Mens (1 - 3 of 3)
]]></system-out>
    <system-err><![CDATA[Starting ChromeDriver 78.0.3904.70 (edb9c9f3de0247fd912a77b7f6cae7447f6d3ad5-refs/branch-heads/3904@{#800}) on port 45890
Only local connections are allowed.
Please protect ports used by ChromeDriver and related test frameworks to prevent access by malicious code.
[1573635731.231][WARNING]: Timed out connecting to Chrome, retrying...
Nov 13, 2019 2:32:13 PM org.openqa.selenium.remote.ProtocolHandshake createSession
INFO: Detected dialect: W3C
[1573635736.202][WARNING]: Timed out connecting to Chrome, retrying...
]]></system-err>
  </testcase>
  <testcase name="heatclinic" classname="com.atmecs.tutorialninja.testscripts.HeatClinic" time="0.402">
    <failure message="expected [null] but found [Hoppin&apos; Hot Sauce]" type="java.lang.AssertionError">java.lang.AssertionError: expected [null] but found [Hoppin' Hot Sauce]
	at org.testng.Assert.fail(Assert.java:96)
	at org.testng.Assert.failNotEquals(Assert.java:776)
	at org.testng.Assert.assertEqualsImpl(Assert.java:132)
	at org.testng.Assert.assertEquals(Assert.java:118)
	at org.testng.Assert.assertEquals(Assert.java:453)
	at org.testng.Assert.assertEquals(Assert.java:463)
	at com.atmecs.tutorialsninja.validation.HeatClinicvalidation.homeproductValidate(HeatClinicvalidation.java:25)
	at com.atmecs.tutorialninja.testscripts.HeatClinic.heatclinic(HeatClinic.java:42)
</failure>
  </testcase>
  <testcase name="heatclinic" classname="com.atmecs.tutorialninja.testscripts.HeatClinic" time="0.313">
    <failure message="expected [null] but found [Hoppin&apos; Hot Sauce]" type="java.lang.AssertionError">java.lang.AssertionError: expected [null] but found [Hoppin' Hot Sauce]
	at org.testng.Assert.fail(Assert.java:96)
	at org.testng.Assert.failNotEquals(Assert.java:776)
	at org.testng.Assert.assertEqualsImpl(Assert.java:132)
	at org.testng.Assert.assertEquals(Assert.java:118)
	at org.testng.Assert.assertEquals(Assert.java:453)
	at org.testng.Assert.assertEquals(Assert.java:463)
	at com.atmecs.tutorialsninja.validation.HeatClinicvalidation.homeproductValidate(HeatClinicvalidation.java:25)
	at com.atmecs.tutorialninja.testscripts.HeatClinic.heatclinic(HeatClinic.java:42)
</failure>
  </testcase>
  <testcase name="heatclinic" classname="com.atmecs.tutorialninja.testscripts.HeatClinic" time="0.302">
    <failure message="expected [null] but found [Hoppin&apos; Hot Sauce]" type="java.lang.AssertionError">java.lang.AssertionError: expected [null] but found [Hoppin' Hot Sauce]
	at org.testng.Assert.fail(Assert.java:96)
	at org.testng.Assert.failNotEquals(Assert.java:776)
	at org.testng.Assert.assertEqualsImpl(Assert.java:132)
	at org.testng.Assert.assertEquals(Assert.java:118)
	at org.testng.Assert.assertEquals(Assert.java:453)
	at org.testng.Assert.assertEquals(Assert.java:463)
	at com.atmecs.tutorialsninja.validation.HeatClinicvalidation.homeproductValidate(HeatClinicvalidation.java:25)
	at com.atmecs.tutorialninja.testscripts.HeatClinic.heatclinic(HeatClinic.java:42)
</failure>
  </testcase>
  <testcase name="heatclinic" classname="com.atmecs.tutorialninja.testscripts.HeatClinic" time="0.333">
    <failure message="expected [] but found [Hoppin&apos; Hot Sauce]" type="java.lang.AssertionError">java.lang.AssertionError: expected [] but found [Hoppin' Hot Sauce]
	at org.testng.Assert.fail(Assert.java:96)
	at org.testng.Assert.failNotEquals(Assert.java:776)
	at org.testng.Assert.assertEqualsImpl(Assert.java:137)
	at org.testng.Assert.assertEquals(Assert.java:118)
	at org.testng.Assert.assertEquals(Assert.java:453)
	at org.testng.Assert.assertEquals(Assert.java:463)
	at com.atmecs.tutorialsninja.validation.HeatClinicvalidation.homeproductValidate(HeatClinicvalidation.java:25)
	at com.atmecs.tutorialninja.testscripts.HeatClinic.heatclinic(HeatClinic.java:42)
</failure>
  </testcase>
  <testcase name="heatclinic" classname="com.atmecs.tutorialninja.testscripts.HeatClinic" time="0.415">
    <failure message="expected [null] but found [Hoppin&apos; Hot Sauce]" type="java.lang.AssertionError">java.lang.AssertionError: expected [null] but found [Hoppin' Hot Sauce]
	at org.testng.Assert.fail(Assert.java:96)
	at org.testng.Assert.failNotEquals(Assert.java:776)
	at org.testng.Assert.assertEqualsImpl(Assert.java:132)
	at org.testng.Assert.assertEquals(Assert.java:118)
	at org.testng.Assert.assertEquals(Assert.java:453)
	at org.testng.Assert.assertEquals(Assert.java:463)
	at com.atmecs.tutorialsninja.validation.HeatClinicvalidation.homeproductValidate(HeatClinicvalidation.java:25)
	at com.atmecs.tutorialninja.testscripts.HeatClinic.heatclinic(HeatClinic.java:42)
</failure>
  </testcase>
  <testcase name="heatclinic" classname="com.atmecs.tutorialninja.testscripts.HeatClinic" time="0.303">
    <failure message="expected [null] but found [Hoppin&apos; Hot Sauce]" type="java.lang.AssertionError">java.lang.AssertionError: expected [null] but found [Hoppin' Hot Sauce]
	at org.testng.Assert.fail(Assert.java:96)
	at org.testng.Assert.failNotEquals(Assert.java:776)
	at org.testng.Assert.assertEqualsImpl(Assert.java:132)
	at org.testng.Assert.assertEquals(Assert.java:118)
	at org.testng.Assert.assertEquals(Assert.java:453)
	at org.testng.Assert.assertEquals(Assert.java:463)
	at com.atmecs.tutorialsninja.validation.HeatClinicvalidation.homeproductValidate(HeatClinicvalidation.java:25)
	at com.atmecs.tutorialninja.testscripts.HeatClinic.heatclinic(HeatClinic.java:42)
</failure>
  </testcase>
  <testcase name="heatclinic" classname="com.atmecs.tutorialninja.testscripts.HeatClinic" time="0.289">
    <failure message="expected [null] but found [Hoppin&apos; Hot Sauce]" type="java.lang.AssertionError">java.lang.AssertionError: expected [null] but found [Hoppin' Hot Sauce]
	at org.testng.Assert.fail(Assert.java:96)
	at org.testng.Assert.failNotEquals(Assert.java:776)
	at org.testng.Assert.assertEqualsImpl(Assert.java:132)
	at org.testng.Assert.assertEquals(Assert.java:118)
	at org.testng.Assert.assertEquals(Assert.java:453)
	at org.testng.Assert.assertEquals(Assert.java:463)
	at com.atmecs.tutorialsninja.validation.HeatClinicvalidation.homeproductValidate(HeatClinicvalidation.java:25)
	at com.atmecs.tutorialninja.testscripts.HeatClinic.heatclinic(HeatClinic.java:42)
</failure>
  </testcase>
  <testcase name="heatclinic" classname="com.atmecs.tutorialninja.testscripts.HeatClinic" time="0.306">
    <failure message="expected [null] but found [Hoppin&apos; Hot Sauce]" type="java.lang.AssertionError">java.lang.AssertionError: expected [null] but found [Hoppin' Hot Sauce]
	at org.testng.Assert.fail(Assert.java:96)
	at org.testng.Assert.failNotEquals(Assert.java:776)
	at org.testng.Assert.assertEqualsImpl(Assert.java:132)
	at org.testng.Assert.assertEquals(Assert.java:118)
	at org.testng.Assert.assertEquals(Assert.java:453)
	at org.testng.Assert.assertEquals(Assert.java:463)
	at com.atmecs.tutorialsninja.validation.HeatClinicvalidation.homeproductValidate(HeatClinicvalidation.java:25)
	at com.atmecs.tutorialninja.testscripts.HeatClinic.heatclinic(HeatClinic.java:42)
</failure>
  </testcase>
  <testcase name="heatclinic" classname="com.atmecs.tutorialninja.testscripts.HeatClinic" time="0.301">
    <failure message="expected [null] but found [Hoppin&apos; Hot Sauce]" type="java.lang.AssertionError">java.lang.AssertionError: expected [null] but found [Hoppin' Hot Sauce]
	at org.testng.Assert.fail(Assert.java:96)
	at org.testng.Assert.failNotEquals(Assert.java:776)
	at org.testng.Assert.assertEqualsImpl(Assert.java:132)
	at org.testng.Assert.assertEquals(Assert.java:118)
	at org.testng.Assert.assertEquals(Assert.java:453)
	at org.testng.Assert.assertEquals(Assert.java:463)
	at com.atmecs.tutorialsninja.validation.HeatClinicvalidation.homeproductValidate(HeatClinicvalidation.java:25)
	at com.atmecs.tutorialninja.testscripts.HeatClinic.heatclinic(HeatClinic.java:42)
</failure>
  </testcase>
  <testcase name="heatclinic" classname="com.atmecs.tutorialninja.testscripts.HeatClinic" time="0.314">
    <failure message="expected [null] but found [Hoppin&apos; Hot Sauce]" type="java.lang.AssertionError">java.lang.AssertionError: expected [null] but found [Hoppin' Hot Sauce]
	at org.testng.Assert.fail(Assert.java:96)
	at org.testng.Assert.failNotEquals(Assert.java:776)
	at org.testng.Assert.assertEqualsImpl(Assert.java:132)
	at org.testng.Assert.assertEquals(Assert.java:118)
	at org.testng.Assert.assertEquals(Assert.java:453)
	at org.testng.Assert.assertEquals(Assert.java:463)
	at com.atmecs.tutorialsninja.validation.HeatClinicvalidation.homeproductValidate(HeatClinicvalidation.java:25)
	at com.atmecs.tutorialninja.testscripts.HeatClinic.heatclinic(HeatClinic.java:42)
</failure>
  </testcase>
  <testcase name="heatclinic" classname="com.atmecs.tutorialninja.testscripts.HeatClinic" time="0.386">
    <failure message="expected [null] but found [Hoppin&apos; Hot Sauce]" type="java.lang.AssertionError">java.lang.AssertionError: expected [null] but found [Hoppin' Hot Sauce]
	at org.testng.Assert.fail(Assert.java:96)
	at org.testng.Assert.failNotEquals(Assert.java:776)
	at org.testng.Assert.assertEqualsImpl(Assert.java:132)
	at org.testng.Assert.assertEquals(Assert.java:118)
	at org.testng.Assert.assertEquals(Assert.java:453)
	at org.testng.Assert.assertEquals(Assert.java:463)
	at com.atmecs.tutorialsninja.validation.HeatClinicvalidation.homeproductValidate(HeatClinicvalidation.java:25)
	at com.atmecs.tutorialninja.testscripts.HeatClinic.heatclinic(HeatClinic.java:42)
</failure>
  </testcase>
  <testcase name="heatclinic" classname="com.atmecs.tutorialninja.testscripts.HeatClinic" time="0.289">
    <failure message="expected [null] but found [Hoppin&apos; Hot Sauce]" type="java.lang.AssertionError">java.lang.AssertionError: expected [null] but found [Hoppin' Hot Sauce]
	at org.testng.Assert.fail(Assert.java:96)
	at org.testng.Assert.failNotEquals(Assert.java:776)
	at org.testng.Assert.assertEqualsImpl(Assert.java:132)
	at org.testng.Assert.assertEquals(Assert.java:118)
	at org.testng.Assert.assertEquals(Assert.java:453)
	at org.testng.Assert.assertEquals(Assert.java:463)
	at com.atmecs.tutorialsninja.validation.HeatClinicvalidation.homeproductValidate(HeatClinicvalidation.java:25)
	at com.atmecs.tutorialninja.testscripts.HeatClinic.heatclinic(HeatClinic.java:42)
</failure>
  </testcase>
</testsuite>